<?xml version="1.0" encoding="UTF-8"?>
<!-- Generated by org.testng.reporters.JUnitReportReporter -->
<testsuite hostname="b040e21a2e4c" failures="0" tests="9" name="com.DockAuto.tests.vendorportal.VendorPortalTest" time="15.736" errors="0" timestamp="2024-05-13T23:50:26 GMT" skipped="0">
  <testcase classname="com.DockAuto.tests.vendorportal.VendorPortalTest" name="logout" time="1.212"/>
  <testcase classname="com.DockAuto.tests.vendorportal.VendorPortalTest" name="logout" time="1.738"/>
  <testcase classname="com.DockAuto.tests.vendorportal.VendorPortalTest" name="logout" time="1.786"/>
  <testcase classname="com.DockAuto.tests.vendorportal.VendorPortalTest" name="loginTest" time="1.620"/>
  <testcase classname="com.DockAuto.tests.vendorportal.VendorPortalTest" name="dashBoardTest" time="1.261"/>
  <testcase classname="com.DockAuto.tests.vendorportal.VendorPortalTest" name="loginTest" time="1.624"/>
  <testcase classname="com.DockAuto.tests.vendorportal.VendorPortalTest" name="dashBoardTest" time="1.888"/>
  <testcase classname="com.DockAuto.tests.vendorportal.VendorPortalTest" name="dashBoardTest" time="2.982"/>
  <testcase classname="com.DockAuto.tests.vendorportal.VendorPortalTest" name="loginTest" time="1.625"/>
</testsuite> <!-- com.DockAuto.tests.vendorportal.VendorPortalTest -->
